Submittal 2

[[Executed at: Sun Jan 19 19:06:31 PST 2025]

============================================================
PatternMatching.java successfully compiled.
============================================================
Tests Passed: 10 / 18

[Test Failure: boyerBoore] [-0.56] : This boyerBoore test was inconclusive due to: org.junit.runners.model.TestTimedOutException: test timed out after 1000 milliseconds

[Test Failure: boyerBoore] [-0.56] : This boyerBoore test was inconclusive due to: org.junit.runners.model.TestTimedOutException: test timed out after 1000 milliseconds
Here is the stack trace to help identify the error in your code:
	at PatternMatching.boyerMoore, line number: 34

[Test Failure: boyerBoore] [-0.56] : This boyerBoore test was inconclusive due to: org.junit.runners.model.TestTimedOutException: test timed out after 1000 milliseconds

[Test Failure: boyerBoore] [-0.56] : This boyerBoore test was inconclusive due to: org.junit.runners.model.TestTimedOutException: test timed out after 1000 milliseconds
Here is the stack trace to help identify the error in your code:
	at PatternMatching.boyerMoore, line number: 34

[Test Failure: boyerBoore] [-0.56] : This boyerBoore test was inconclusive due to: org.junit.runners.model.TestTimedOutException: test timed out after 1000 milliseconds
Here is the stack trace to help identify the error in your code:
	at PatternMatching.boyerMoore, line number: 34

[Test Failure: boyerBoore] [-0.56] : This boyerBoore test was inconclusive due to: org.junit.runners.model.TestTimedOutException: test timed out after 1000 milliseconds
Here is the stack trace to help identify the error in your code:
	at PatternMatching.boyerMoore, line number: 34

[Test Failure: boyerBoore] [-0.56] : This boyerBoore test was inconclusive due to: org.junit.runners.model.TestTimedOutException: test timed out after 1000 milliseconds
Here is the stack trace to help identify the error in your code:
	at PatternMatching.boyerMoore, line number: 34

[Test Failure: boyerBoore] [-0.56] : This boyerBoore test was inconclusive due to: org.junit.runners.model.TestTimedOutException: test timed out after 1000 milliseconds
Here is the stack trace to help identify the error in your code:
	at PatternMatching.boyerMoore, line number: 34


Score: 5.56 / 10.0
============================================================